2025-08-09T21:27:21.443Z - GET /debug-report-paths
2025-08-09T21:28:14.479Z - GET /debug-report-paths
2025-08-09T21:28:22.434Z - POST /scan
2025-08-09T21:30:16.846Z - GET /reports/aleapp/aleapp-dd76b4/ALEAPP_Reports_2025-08-09_Saturday_222823/_HTML/index.html
2025-08-09T21:30:40.067Z - GET /reports/aleapp/aleapp-dd76b4/ALEAPP_Reports_2025-08-09_Saturday_222823/_HTML/index.html
2025-08-09T21:30:40.114Z - GET /reports/aleapp/aleapp-dd76b4/ALEAPP_Reports_2025-08-09_Saturday_222823/_HTML/_elements/dark-mode.css
2025-08-09T21:30:40.126Z - GET /reports/aleapp/aleapp-dd76b4/ALEAPP_Reports_2025-08-09_Saturday_222823/_HTML/_elements/all.css
2025-08-09T21:30:40.133Z - GET /reports/aleapp/aleapp-dd76b4/ALEAPP_Reports_2025-08-09_Saturday_222823/_HTML/_elements/Roboto.css
2025-08-09T21:30:40.134Z - GET /reports/aleapp/aleapp-dd76b4/ALEAPP_Reports_2025-08-09_Saturday_222823/_HTML/_elements/cal-heatmap.css
2025-08-09T21:30:40.134Z - GET /reports/aleapp/aleapp-dd76b4/ALEAPP_Reports_2025-08-09_Saturday_222823/_HTML/_elements/MDB-Free_4.13.0/css/bootstrap.min.css
2025-08-09T21:30:40.139Z - GET /reports/aleapp/aleapp-dd76b4/ALEAPP_Reports_2025-08-09_Saturday_222823/_HTML/_elements/MDB-Free_4.13.0/css/mdb.min.css
2025-08-09T21:30:40.141Z - GET /reports/aleapp/aleapp-dd76b4/ALEAPP_Reports_2025-08-09_Saturday_222823/_HTML/_elements/dashboard.css
2025-08-09T21:30:40.141Z - GET /reports/aleapp/aleapp-dd76b4/ALEAPP_Reports_2025-08-09_Saturday_222823/_HTML/_elements/highlight.min.css
2025-08-09T21:30:40.143Z - GET /reports/aleapp/aleapp-dd76b4/ALEAPP_Reports_2025-08-09_Saturday_222823/_HTML/_elements/chat.css
2025-08-09T21:30:40.143Z - GET /reports/aleapp/aleapp-dd76b4/ALEAPP_Reports_2025-08-09_Saturday_222823/_HTML/_elements/MDB-Free_4.13.0/css/addons/datatables.min.css
2025-08-09T21:30:40.147Z - GET /reports/aleapp/aleapp-dd76b4/ALEAPP_Reports_2025-08-09_Saturday_222823/_HTML/_elements/timeline/css/timeline.min.css
2025-08-09T21:30:40.147Z - GET /reports/aleapp/aleapp-dd76b4/ALEAPP_Reports_2025-08-09_Saturday_222823/_HTML/_elements/highlight.min.js
2025-08-09T21:30:40.148Z - GET /reports/aleapp/aleapp-dd76b4/ALEAPP_Reports_2025-08-09_Saturday_222823/_HTML/_elements/d3.v7.min.js
2025-08-09T21:30:40.149Z - GET /reports/aleapp/aleapp-dd76b4/ALEAPP_Reports_2025-08-09_Saturday_222823/_HTML/_elements/cal-heatmap.min.js
2025-08-09T21:30:40.151Z - GET /reports/aleapp/aleapp-dd76b4/ALEAPP_Reports_2025-08-09_Saturday_222823/_HTML/_elements/popper.min.js
2025-08-09T21:30:40.152Z - GET /reports/aleapp/aleapp-dd76b4/ALEAPP_Reports_2025-08-09_Saturday_222823/_HTML/_elements/Tooltip.min.js
2025-08-09T21:30:40.152Z - GET /reports/aleapp/aleapp-dd76b4/ALEAPP_Reports_2025-08-09_Saturday_222823/_HTML/_elements/feather.min.js
2025-08-09T21:30:40.153Z - GET /reports/aleapp/aleapp-dd76b4/ALEAPP_Reports_2025-08-09_Saturday_222823/_HTML/_elements/dark-mode-switch.js
2025-08-09T21:30:40.167Z - GET /reports/aleapp/aleapp-dd76b4/ALEAPP_Reports_2025-08-09_Saturday_222823/_HTML/_elements/ALEAPP_banner.png
2025-08-09T21:30:40.167Z - GET /reports/aleapp/aleapp-dd76b4/ALEAPP_Reports_2025-08-09_Saturday_222823/_HTML/_elements/logo.png
2025-08-09T21:30:40.227Z - GET /reports/aleapp/aleapp-dd76b4/ALEAPP_Reports_2025-08-09_Saturday_222823/_HTML/_elements/MDB-Free_4.13.0/js/jquery.min.js
2025-08-09T21:30:40.228Z - GET /reports/aleapp/aleapp-dd76b4/ALEAPP_Reports_2025-08-09_Saturday_222823/_HTML/_elements/MDB-Free_4.13.0/js/popper.min.js
2025-08-09T21:30:40.234Z - GET /reports/aleapp/aleapp-dd76b4/ALEAPP_Reports_2025-08-09_Saturday_222823/_HTML/_elements/MDB-Free_4.13.0/js/bootstrap.js
2025-08-09T21:30:40.234Z - GET /reports/aleapp/aleapp-dd76b4/ALEAPP_Reports_2025-08-09_Saturday_222823/_HTML/_elements/MDB-Free_4.13.0/js/mdb.min.js
2025-08-09T21:30:40.234Z - GET /reports/aleapp/aleapp-dd76b4/ALEAPP_Reports_2025-08-09_Saturday_222823/_HTML/_elements/MDB-Free_4.13.0/js/addons/datatables.min.js
2025-08-09T21:30:40.234Z - GET /reports/aleapp/aleapp-dd76b4/ALEAPP_Reports_2025-08-09_Saturday_222823/_HTML/_elements/chart.umd.min.js
2025-08-09T21:30:40.234Z - GET /reports/aleapp/aleapp-dd76b4/ALEAPP_Reports_2025-08-09_Saturday_222823/_HTML/_elements/moment.min.js
2025-08-09T21:30:40.234Z - GET /reports/aleapp/aleapp-dd76b4/ALEAPP_Reports_2025-08-09_Saturday_222823/_HTML/_elements/timeline/js/timeline.min.js
2025-08-09T21:30:40.239Z - GET /reports/aleapp/aleapp-dd76b4/ALEAPP_Reports_2025-08-09_Saturday_222823/_HTML/_elements/garmin-functions.js
2025-08-09T21:30:40.239Z - GET /reports/aleapp/aleapp-dd76b4/ALEAPP_Reports_2025-08-09_Saturday_222823/_HTML/_elements/chat.js
2025-08-09T21:30:40.254Z - GET /reports/aleapp/aleapp-dd76b4/ALEAPP_Reports_2025-08-09_Saturday_222823/_HTML/_elements/fonts/roboto/v32/KFOlCnqEu92Fr1MmSU5fBBc4AMP6lQ.woff2
2025-08-09T21:30:40.255Z - GET /reports/aleapp/aleapp-dd76b4/ALEAPP_Reports_2025-08-09_Saturday_222823/_HTML/_elements/fonts/roboto/v32/KFOmCnqEu92Fr1Mu4mxKKTU1Kg.woff2
2025-08-09T21:30:40.255Z - GET /reports/aleapp/aleapp-dd76b4/ALEAPP_Reports_2025-08-09_Saturday_222823/_HTML/_elements/fonts/fa/fa-brands-400.woff2
2025-08-09T21:30:40.255Z - GET /reports/aleapp/aleapp-dd76b4/ALEAPP_Reports_2025-08-09_Saturday_222823/_HTML/_elements/fonts/fa/fa-solid-900.woff2
2025-08-09T21:30:55.912Z - GET /reports/aleapp/aleapp-dd76b4/ALEAPP_Reports_2025-08-09_Saturday_222823/_HTML/_elements/fonts/roboto/v32/KFOlCnqEu92Fr1MmWUlfBBc4AMP6lQ.woff2
2025-08-09T21:40:43.937Z - POST /scan
2025-08-09T21:40:51.564Z - GET /reports/aleapp/aleapp-15db17/ALEAPP_Reports_2025-08-09_Saturday_224044/_HTML/index.html
2025-08-09T21:40:51.640Z - GET /reports/aleapp/aleapp-15db17/ALEAPP_Reports_2025-08-09_Saturday_224044/_HTML/_elements/dark-mode.css
2025-08-09T21:40:51.655Z - GET /reports/aleapp/aleapp-15db17/ALEAPP_Reports_2025-08-09_Saturday_224044/_HTML/_elements/all.css
2025-08-09T21:40:51.655Z - GET /reports/aleapp/aleapp-15db17/ALEAPP_Reports_2025-08-09_Saturday_224044/_HTML/_elements/Roboto.css
2025-08-09T21:40:51.656Z - GET /reports/aleapp/aleapp-15db17/ALEAPP_Reports_2025-08-09_Saturday_224044/_HTML/_elements/MDB-Free_4.13.0/css/bootstrap.min.css
2025-08-09T21:40:51.656Z - GET /reports/aleapp/aleapp-15db17/ALEAPP_Reports_2025-08-09_Saturday_224044/_HTML/_elements/MDB-Free_4.13.0/css/mdb.min.css
2025-08-09T21:40:51.657Z - GET /reports/aleapp/aleapp-15db17/ALEAPP_Reports_2025-08-09_Saturday_224044/_HTML/_elements/highlight.min.css
2025-08-09T21:40:51.663Z - GET /reports/aleapp/aleapp-15db17/ALEAPP_Reports_2025-08-09_Saturday_224044/_HTML/_elements/cal-heatmap.css
2025-08-09T21:40:51.674Z - GET /reports/aleapp/aleapp-15db17/ALEAPP_Reports_2025-08-09_Saturday_224044/_HTML/_elements/dashboard.css
2025-08-09T21:40:51.675Z - GET /reports/aleapp/aleapp-15db17/ALEAPP_Reports_2025-08-09_Saturday_224044/_HTML/_elements/chat.css
2025-08-09T21:40:51.676Z - GET /reports/aleapp/aleapp-15db17/ALEAPP_Reports_2025-08-09_Saturday_224044/_HTML/_elements/MDB-Free_4.13.0/css/addons/datatables.min.css
2025-08-09T21:40:51.676Z - GET /reports/aleapp/aleapp-15db17/ALEAPP_Reports_2025-08-09_Saturday_224044/_HTML/_elements/timeline/css/timeline.min.css
2025-08-09T21:40:51.678Z - GET /reports/aleapp/aleapp-15db17/ALEAPP_Reports_2025-08-09_Saturday_224044/_HTML/_elements/highlight.min.js
2025-08-09T21:40:51.684Z - GET /reports/aleapp/aleapp-15db17/ALEAPP_Reports_2025-08-09_Saturday_224044/_HTML/_elements/d3.v7.min.js
2025-08-09T21:40:51.684Z - GET /reports/aleapp/aleapp-15db17/ALEAPP_Reports_2025-08-09_Saturday_224044/_HTML/_elements/cal-heatmap.min.js
2025-08-09T21:40:51.684Z - GET /reports/aleapp/aleapp-15db17/ALEAPP_Reports_2025-08-09_Saturday_224044/_HTML/_elements/popper.min.js
2025-08-09T21:40:51.685Z - GET /reports/aleapp/aleapp-15db17/ALEAPP_Reports_2025-08-09_Saturday_224044/_HTML/_elements/Tooltip.min.js
2025-08-09T21:40:51.686Z - GET /reports/aleapp/aleapp-15db17/ALEAPP_Reports_2025-08-09_Saturday_224044/_HTML/_elements/feather.min.js
2025-08-09T21:40:51.690Z - GET /reports/aleapp/aleapp-15db17/ALEAPP_Reports_2025-08-09_Saturday_224044/_HTML/_elements/dark-mode-switch.js
2025-08-09T21:40:51.699Z - GET /reports/aleapp/aleapp-15db17/ALEAPP_Reports_2025-08-09_Saturday_224044/_HTML/_elements/ALEAPP_banner.png
2025-08-09T21:40:51.699Z - GET /reports/aleapp/aleapp-15db17/ALEAPP_Reports_2025-08-09_Saturday_224044/_HTML/_elements/logo.png
2025-08-09T21:40:51.706Z - GET /reports/aleapp/aleapp-15db17/ALEAPP_Reports_2025-08-09_Saturday_224044/_HTML/_elements/MDB-Free_4.13.0/js/jquery.min.js
2025-08-09T21:40:51.706Z - GET /reports/aleapp/aleapp-15db17/ALEAPP_Reports_2025-08-09_Saturday_224044/_HTML/_elements/MDB-Free_4.13.0/js/popper.min.js
2025-08-09T21:40:51.713Z - GET /reports/aleapp/aleapp-15db17/ALEAPP_Reports_2025-08-09_Saturday_224044/_HTML/_elements/MDB-Free_4.13.0/js/bootstrap.js
2025-08-09T21:40:51.720Z - GET /reports/aleapp/aleapp-15db17/ALEAPP_Reports_2025-08-09_Saturday_224044/_HTML/_elements/MDB-Free_4.13.0/js/mdb.min.js
2025-08-09T21:40:51.721Z - GET /reports/aleapp/aleapp-15db17/ALEAPP_Reports_2025-08-09_Saturday_224044/_HTML/_elements/MDB-Free_4.13.0/js/addons/datatables.min.js
2025-08-09T21:40:51.721Z - GET /reports/aleapp/aleapp-15db17/ALEAPP_Reports_2025-08-09_Saturday_224044/_HTML/_elements/chart.umd.min.js
2025-08-09T21:40:51.721Z - GET /reports/aleapp/aleapp-15db17/ALEAPP_Reports_2025-08-09_Saturday_224044/_HTML/_elements/moment.min.js
2025-08-09T21:40:51.722Z - GET /reports/aleapp/aleapp-15db17/ALEAPP_Reports_2025-08-09_Saturday_224044/_HTML/_elements/timeline/js/timeline.min.js
2025-08-09T21:40:51.725Z - GET /reports/aleapp/aleapp-15db17/ALEAPP_Reports_2025-08-09_Saturday_224044/_HTML/_elements/garmin-functions.js
2025-08-09T21:40:51.732Z - GET /reports/aleapp/aleapp-15db17/ALEAPP_Reports_2025-08-09_Saturday_224044/_HTML/_elements/chat.js
2025-08-09T21:40:51.786Z - GET /reports/aleapp/aleapp-15db17/ALEAPP_Reports_2025-08-09_Saturday_224044/_HTML/_elements/fonts/roboto/v32/KFOlCnqEu92Fr1MmSU5fBBc4AMP6lQ.woff2
2025-08-09T21:40:51.820Z - GET /reports/aleapp/aleapp-15db17/ALEAPP_Reports_2025-08-09_Saturday_224044/_HTML/_elements/fonts/roboto/v32/KFOmCnqEu92Fr1Mu4mxKKTU1Kg.woff2
2025-08-09T21:40:51.820Z - GET /reports/aleapp/aleapp-15db17/ALEAPP_Reports_2025-08-09_Saturday_224044/_HTML/_elements/fonts/fa/fa-solid-900.woff2
2025-08-09T21:40:51.820Z - GET /reports/aleapp/aleapp-15db17/ALEAPP_Reports_2025-08-09_Saturday_224044/_HTML/_elements/fonts/fa/fa-brands-400.woff2
2025-08-09T22:57:28.712Z - POST /register
2025-08-09T22:57:45.885Z - POST /scan
2025-08-09T22:57:54.043Z - GET /reports/aleapp/aleapp-ff6f3f/ALEAPP_Reports_2025-08-09_Saturday_235746/_HTML/index.html
2025-08-09T22:57:54.141Z - GET /reports/aleapp/aleapp-ff6f3f/ALEAPP_Reports_2025-08-09_Saturday_235746/_HTML/_elements/dark-mode.css
2025-08-09T22:57:54.144Z - GET /reports/aleapp/aleapp-ff6f3f/ALEAPP_Reports_2025-08-09_Saturday_235746/_HTML/_elements/all.css
2025-08-09T22:57:54.144Z - GET /reports/aleapp/aleapp-ff6f3f/ALEAPP_Reports_2025-08-09_Saturday_235746/_HTML/_elements/Roboto.css
2025-08-09T22:57:54.146Z - GET /reports/aleapp/aleapp-ff6f3f/ALEAPP_Reports_2025-08-09_Saturday_235746/_HTML/_elements/MDB-Free_4.13.0/css/bootstrap.min.css
2025-08-09T22:57:54.148Z - GET /reports/aleapp/aleapp-ff6f3f/ALEAPP_Reports_2025-08-09_Saturday_235746/_HTML/_elements/MDB-Free_4.13.0/css/mdb.min.css
2025-08-09T22:57:54.149Z - GET /reports/aleapp/aleapp-ff6f3f/ALEAPP_Reports_2025-08-09_Saturday_235746/_HTML/_elements/highlight.min.css
2025-08-09T22:57:54.157Z - GET /reports/aleapp/aleapp-ff6f3f/ALEAPP_Reports_2025-08-09_Saturday_235746/_HTML/_elements/cal-heatmap.css
2025-08-09T22:57:54.158Z - GET /reports/aleapp/aleapp-ff6f3f/ALEAPP_Reports_2025-08-09_Saturday_235746/_HTML/_elements/dashboard.css
2025-08-09T22:57:54.160Z - GET /reports/aleapp/aleapp-ff6f3f/ALEAPP_Reports_2025-08-09_Saturday_235746/_HTML/_elements/chat.css
2025-08-09T22:57:54.166Z - GET /reports/aleapp/aleapp-ff6f3f/ALEAPP_Reports_2025-08-09_Saturday_235746/_HTML/_elements/MDB-Free_4.13.0/css/addons/datatables.min.css
2025-08-09T22:57:54.174Z - GET /reports/aleapp/aleapp-ff6f3f/ALEAPP_Reports_2025-08-09_Saturday_235746/_HTML/_elements/timeline/css/timeline.min.css
2025-08-09T22:57:54.180Z - GET /reports/aleapp/aleapp-ff6f3f/ALEAPP_Reports_2025-08-09_Saturday_235746/_HTML/_elements/highlight.min.js
2025-08-09T22:57:54.181Z - GET /reports/aleapp/aleapp-ff6f3f/ALEAPP_Reports_2025-08-09_Saturday_235746/_HTML/_elements/d3.v7.min.js
2025-08-09T22:57:54.186Z - GET /reports/aleapp/aleapp-ff6f3f/ALEAPP_Reports_2025-08-09_Saturday_235746/_HTML/_elements/popper.min.js
2025-08-09T22:57:54.186Z - GET /reports/aleapp/aleapp-ff6f3f/ALEAPP_Reports_2025-08-09_Saturday_235746/_HTML/_elements/cal-heatmap.min.js
2025-08-09T22:57:54.187Z - GET /reports/aleapp/aleapp-ff6f3f/ALEAPP_Reports_2025-08-09_Saturday_235746/_HTML/_elements/Tooltip.min.js
2025-08-09T22:57:54.194Z - GET /reports/aleapp/aleapp-ff6f3f/ALEAPP_Reports_2025-08-09_Saturday_235746/_HTML/_elements/feather.min.js
2025-08-09T22:57:54.203Z - GET /reports/aleapp/aleapp-ff6f3f/ALEAPP_Reports_2025-08-09_Saturday_235746/_HTML/_elements/dark-mode-switch.js
2025-08-09T22:57:54.205Z - GET /reports/aleapp/aleapp-ff6f3f/ALEAPP_Reports_2025-08-09_Saturday_235746/_HTML/_elements/ALEAPP_banner.png
2025-08-09T22:57:54.207Z - GET /reports/aleapp/aleapp-ff6f3f/ALEAPP_Reports_2025-08-09_Saturday_235746/_HTML/_elements/logo.png
2025-08-09T22:57:54.213Z - GET /reports/aleapp/aleapp-ff6f3f/ALEAPP_Reports_2025-08-09_Saturday_235746/_HTML/_elements/MDB-Free_4.13.0/js/jquery.min.js
2025-08-09T22:57:54.217Z - GET /reports/aleapp/aleapp-ff6f3f/ALEAPP_Reports_2025-08-09_Saturday_235746/_HTML/_elements/MDB-Free_4.13.0/js/popper.min.js
2025-08-09T22:57:54.237Z - GET /reports/aleapp/aleapp-ff6f3f/ALEAPP_Reports_2025-08-09_Saturday_235746/_HTML/_elements/MDB-Free_4.13.0/js/bootstrap.js
2025-08-09T22:57:54.238Z - GET /reports/aleapp/aleapp-ff6f3f/ALEAPP_Reports_2025-08-09_Saturday_235746/_HTML/_elements/MDB-Free_4.13.0/js/mdb.min.js
2025-08-09T22:57:54.239Z - GET /reports/aleapp/aleapp-ff6f3f/ALEAPP_Reports_2025-08-09_Saturday_235746/_HTML/_elements/MDB-Free_4.13.0/js/addons/datatables.min.js
2025-08-09T22:57:54.239Z - GET /reports/aleapp/aleapp-ff6f3f/ALEAPP_Reports_2025-08-09_Saturday_235746/_HTML/_elements/chart.umd.min.js
2025-08-09T22:57:54.240Z - GET /reports/aleapp/aleapp-ff6f3f/ALEAPP_Reports_2025-08-09_Saturday_235746/_HTML/_elements/moment.min.js
2025-08-09T22:57:54.241Z - GET /reports/aleapp/aleapp-ff6f3f/ALEAPP_Reports_2025-08-09_Saturday_235746/_HTML/_elements/timeline/js/timeline.min.js
2025-08-09T22:57:54.254Z - GET /reports/aleapp/aleapp-ff6f3f/ALEAPP_Reports_2025-08-09_Saturday_235746/_HTML/_elements/garmin-functions.js
2025-08-09T22:57:54.255Z - GET /reports/aleapp/aleapp-ff6f3f/ALEAPP_Reports_2025-08-09_Saturday_235746/_HTML/_elements/chat.js
2025-08-09T22:57:54.265Z - GET /reports/aleapp/aleapp-ff6f3f/ALEAPP_Reports_2025-08-09_Saturday_235746/_HTML/_elements/fonts/roboto/v32/KFOlCnqEu92Fr1MmSU5fBBc4AMP6lQ.woff2
2025-08-09T22:57:54.282Z - GET /reports/aleapp/aleapp-ff6f3f/ALEAPP_Reports_2025-08-09_Saturday_235746/_HTML/_elements/fonts/roboto/v32/KFOmCnqEu92Fr1Mu4mxKKTU1Kg.woff2
2025-08-09T22:57:54.282Z - GET /reports/aleapp/aleapp-ff6f3f/ALEAPP_Reports_2025-08-09_Saturday_235746/_HTML/_elements/fonts/fa/fa-brands-400.woff2
2025-08-09T22:57:54.282Z - GET /reports/aleapp/aleapp-ff6f3f/ALEAPP_Reports_2025-08-09_Saturday_235746/_HTML/_elements/fonts/fa/fa-solid-900.woff2
2025-08-10T10:29:23.219Z - POST /register
2025-08-10T10:29:27.725Z - POST /register
2025-08-10T10:29:39.114Z - POST /register
2025-08-10T10:29:49.286Z - POST /register
2025-08-10T10:30:34.414Z - POST /scan
2025-08-10T10:32:29.684Z - POST /scan
2025-08-10T10:38:07.609Z - POST /scan
2025-08-10T10:38:57.275Z - POST /scan
2025-08-10T10:39:27.347Z - POST /scan
2025-08-10T10:40:34.239Z - POST /scan
2025-08-10T10:40:46.520Z - POST /scan
2025-08-10T10:41:08.439Z - POST /scan
2025-08-10T10:41:39.467Z - POST /scan
2025-08-10T10:42:43.852Z - POST /scan
2025-08-10T10:45:29.089Z - POST /scan
2025-08-10T10:46:38.568Z - GET /reports/aleapp/aleapp-b4b5be/ALEAPP_Reports_2025-08-10_Sunday_114535/_HTML/index.html
2025-08-10T10:46:38.714Z - GET /reports/aleapp/aleapp-b4b5be/ALEAPP_Reports_2025-08-10_Sunday_114535/_HTML/_elements/dark-mode.css
2025-08-10T10:46:38.718Z - GET /reports/aleapp/aleapp-b4b5be/ALEAPP_Reports_2025-08-10_Sunday_114535/_HTML/_elements/all.css
2025-08-10T10:46:38.740Z - GET /reports/aleapp/aleapp-b4b5be/ALEAPP_Reports_2025-08-10_Sunday_114535/_HTML/_elements/Roboto.css
2025-08-10T10:46:38.750Z - GET /reports/aleapp/aleapp-b4b5be/ALEAPP_Reports_2025-08-10_Sunday_114535/_HTML/_elements/MDB-Free_4.13.0/css/bootstrap.min.css
2025-08-10T10:46:38.754Z - GET /reports/aleapp/aleapp-b4b5be/ALEAPP_Reports_2025-08-10_Sunday_114535/_HTML/_elements/MDB-Free_4.13.0/css/mdb.min.css
2025-08-10T10:46:38.755Z - GET /reports/aleapp/aleapp-b4b5be/ALEAPP_Reports_2025-08-10_Sunday_114535/_HTML/_elements/highlight.min.css
2025-08-10T10:46:38.772Z - GET /reports/aleapp/aleapp-b4b5be/ALEAPP_Reports_2025-08-10_Sunday_114535/_HTML/_elements/cal-heatmap.css
2025-08-10T10:46:38.774Z - GET /reports/aleapp/aleapp-b4b5be/ALEAPP_Reports_2025-08-10_Sunday_114535/_HTML/_elements/dashboard.css
2025-08-10T10:46:38.775Z - GET /reports/aleapp/aleapp-b4b5be/ALEAPP_Reports_2025-08-10_Sunday_114535/_HTML/_elements/chat.css
2025-08-10T10:46:38.780Z - GET /reports/aleapp/aleapp-b4b5be/ALEAPP_Reports_2025-08-10_Sunday_114535/_HTML/_elements/MDB-Free_4.13.0/css/addons/datatables.min.css
2025-08-10T10:46:38.790Z - GET /reports/aleapp/aleapp-b4b5be/ALEAPP_Reports_2025-08-10_Sunday_114535/_HTML/_elements/timeline/css/timeline.min.css
2025-08-10T10:46:38.798Z - GET /reports/aleapp/aleapp-b4b5be/ALEAPP_Reports_2025-08-10_Sunday_114535/_HTML/_elements/highlight.min.js
2025-08-10T10:46:38.799Z - GET /reports/aleapp/aleapp-b4b5be/ALEAPP_Reports_2025-08-10_Sunday_114535/_HTML/_elements/d3.v7.min.js
2025-08-10T10:46:38.799Z - GET /reports/aleapp/aleapp-b4b5be/ALEAPP_Reports_2025-08-10_Sunday_114535/_HTML/_elements/popper.min.js
2025-08-10T10:46:38.799Z - GET /reports/aleapp/aleapp-b4b5be/ALEAPP_Reports_2025-08-10_Sunday_114535/_HTML/_elements/cal-heatmap.min.js
2025-08-10T10:46:38.800Z - GET /reports/aleapp/aleapp-b4b5be/ALEAPP_Reports_2025-08-10_Sunday_114535/_HTML/_elements/Tooltip.min.js
2025-08-10T10:46:38.814Z - GET /reports/aleapp/aleapp-b4b5be/ALEAPP_Reports_2025-08-10_Sunday_114535/_HTML/_elements/feather.min.js
2025-08-10T10:46:38.817Z - GET /reports/aleapp/aleapp-b4b5be/ALEAPP_Reports_2025-08-10_Sunday_114535/_HTML/_elements/dark-mode-switch.js
2025-08-10T10:46:38.819Z - GET /reports/aleapp/aleapp-b4b5be/ALEAPP_Reports_2025-08-10_Sunday_114535/_HTML/_elements/ALEAPP_banner.png
2025-08-10T10:46:38.825Z - GET /reports/aleapp/aleapp-b4b5be/ALEAPP_Reports_2025-08-10_Sunday_114535/_HTML/_elements/logo.png
2025-08-10T10:46:38.836Z - GET /reports/aleapp/aleapp-b4b5be/ALEAPP_Reports_2025-08-10_Sunday_114535/_HTML/_elements/MDB-Free_4.13.0/js/jquery.min.js
2025-08-10T10:46:38.837Z - GET /reports/aleapp/aleapp-b4b5be/ALEAPP_Reports_2025-08-10_Sunday_114535/_HTML/_elements/MDB-Free_4.13.0/js/popper.min.js
2025-08-10T10:46:38.854Z - GET /reports/aleapp/aleapp-b4b5be/ALEAPP_Reports_2025-08-10_Sunday_114535/_HTML/_elements/MDB-Free_4.13.0/js/mdb.min.js
2025-08-10T10:46:38.855Z - GET /reports/aleapp/aleapp-b4b5be/ALEAPP_Reports_2025-08-10_Sunday_114535/_HTML/_elements/MDB-Free_4.13.0/js/bootstrap.js
2025-08-10T10:46:38.855Z - GET /reports/aleapp/aleapp-b4b5be/ALEAPP_Reports_2025-08-10_Sunday_114535/_HTML/_elements/MDB-Free_4.13.0/js/addons/datatables.min.js
2025-08-10T10:46:38.858Z - GET /reports/aleapp/aleapp-b4b5be/ALEAPP_Reports_2025-08-10_Sunday_114535/_HTML/_elements/chart.umd.min.js
2025-08-10T10:46:38.858Z - GET /reports/aleapp/aleapp-b4b5be/ALEAPP_Reports_2025-08-10_Sunday_114535/_HTML/_elements/timeline/js/timeline.min.js
2025-08-10T10:46:38.858Z - GET /reports/aleapp/aleapp-b4b5be/ALEAPP_Reports_2025-08-10_Sunday_114535/_HTML/_elements/moment.min.js
2025-08-10T10:46:38.870Z - GET /reports/aleapp/aleapp-b4b5be/ALEAPP_Reports_2025-08-10_Sunday_114535/_HTML/_elements/garmin-functions.js
2025-08-10T10:46:38.879Z - GET /reports/aleapp/aleapp-b4b5be/ALEAPP_Reports_2025-08-10_Sunday_114535/_HTML/_elements/chat.js
2025-08-10T10:46:38.946Z - GET /reports/aleapp/aleapp-b4b5be/ALEAPP_Reports_2025-08-10_Sunday_114535/_HTML/_elements/fonts/roboto/v32/KFOlCnqEu92Fr1MmSU5fBBc4AMP6lQ.woff2
2025-08-10T10:46:38.984Z - GET /reports/aleapp/aleapp-b4b5be/ALEAPP_Reports_2025-08-10_Sunday_114535/_HTML/_elements/fonts/fa/fa-brands-400.woff2
2025-08-10T10:46:38.985Z - GET /reports/aleapp/aleapp-b4b5be/ALEAPP_Reports_2025-08-10_Sunday_114535/_HTML/_elements/fonts/roboto/v32/KFOmCnqEu92Fr1Mu4mxKKTU1Kg.woff2
2025-08-10T10:46:38.986Z - GET /reports/aleapp/aleapp-b4b5be/ALEAPP_Reports_2025-08-10_Sunday_114535/_HTML/_elements/fonts/fa/fa-solid-900.woff2
2025-08-10T10:47:13.358Z - GET /reports/aleapp/aleapp-b4b5be/ALEAPP_Reports_2025-08-10_Sunday_114535/_HTML/Contacts.html?navpos=0
2025-08-10T10:47:13.526Z - GET /reports/aleapp/aleapp-b4b5be/ALEAPP_Reports_2025-08-10_Sunday_114535/_HTML/_elements/dark-mode.css
2025-08-10T10:47:13.530Z - GET /reports/aleapp/aleapp-b4b5be/ALEAPP_Reports_2025-08-10_Sunday_114535/_HTML/_elements/all.css
2025-08-10T10:47:13.532Z - GET /reports/aleapp/aleapp-b4b5be/ALEAPP_Reports_2025-08-10_Sunday_114535/_HTML/_elements/Roboto.css
2025-08-10T10:47:13.597Z - GET /reports/aleapp/aleapp-b4b5be/ALEAPP_Reports_2025-08-10_Sunday_114535/_HTML/_elements/MDB-Free_4.13.0/css/bootstrap.min.css
2025-08-10T10:47:13.607Z - GET /reports/aleapp/aleapp-b4b5be/ALEAPP_Reports_2025-08-10_Sunday_114535/_HTML/_elements/highlight.min.css
2025-08-10T10:47:13.607Z - GET /reports/aleapp/aleapp-b4b5be/ALEAPP_Reports_2025-08-10_Sunday_114535/_HTML/_elements/cal-heatmap.css
2025-08-10T10:47:13.634Z - GET /reports/aleapp/aleapp-b4b5be/ALEAPP_Reports_2025-08-10_Sunday_114535/_HTML/_elements/dashboard.css
2025-08-10T10:47:13.636Z - GET /reports/aleapp/aleapp-b4b5be/ALEAPP_Reports_2025-08-10_Sunday_114535/_HTML/_elements/MDB-Free_4.13.0/css/mdb.min.css
2025-08-10T10:47:13.648Z - GET /reports/aleapp/aleapp-b4b5be/ALEAPP_Reports_2025-08-10_Sunday_114535/_HTML/_elements/chat.css
2025-08-10T10:47:13.649Z - GET /reports/aleapp/aleapp-b4b5be/ALEAPP_Reports_2025-08-10_Sunday_114535/_HTML/_elements/MDB-Free_4.13.0/css/addons/datatables.min.css
2025-08-10T10:47:13.652Z - GET /reports/aleapp/aleapp-b4b5be/ALEAPP_Reports_2025-08-10_Sunday_114535/_HTML/_elements/timeline/css/timeline.min.css
2025-08-10T10:47:13.653Z - GET /reports/aleapp/aleapp-b4b5be/ALEAPP_Reports_2025-08-10_Sunday_114535/_HTML/_elements/popper.min.js
2025-08-10T10:47:13.653Z - GET /reports/aleapp/aleapp-b4b5be/ALEAPP_Reports_2025-08-10_Sunday_114535/_HTML/_elements/dark-mode-switch.js
2025-08-10T10:47:13.653Z - GET /reports/aleapp/aleapp-b4b5be/ALEAPP_Reports_2025-08-10_Sunday_114535/_HTML/_elements/cal-heatmap.min.js
2025-08-10T10:47:13.665Z - GET /reports/aleapp/aleapp-b4b5be/ALEAPP_Reports_2025-08-10_Sunday_114535/_HTML/_elements/highlight.min.js
2025-08-10T10:47:13.668Z - GET /reports/aleapp/aleapp-b4b5be/ALEAPP_Reports_2025-08-10_Sunday_114535/_HTML/_elements/d3.v7.min.js
2025-08-10T10:47:13.669Z - GET /reports/aleapp/aleapp-b4b5be/ALEAPP_Reports_2025-08-10_Sunday_114535/_HTML/_elements/feather.min.js
2025-08-10T10:47:13.671Z - GET /reports/aleapp/aleapp-b4b5be/ALEAPP_Reports_2025-08-10_Sunday_114535/_HTML/_elements/Tooltip.min.js
2025-08-10T10:47:13.675Z - GET /reports/aleapp/aleapp-b4b5be/ALEAPP_Reports_2025-08-10_Sunday_114535/_HTML/_elements/ALEAPP_banner.png
2025-08-10T10:47:13.678Z - GET /reports/aleapp/aleapp-b4b5be/ALEAPP_Reports_2025-08-10_Sunday_114535/_HTML/_elements/MDB-Free_4.13.0/js/jquery.min.js
2025-08-10T10:47:13.702Z - GET /reports/aleapp/aleapp-b4b5be/ALEAPP_Reports_2025-08-10_Sunday_114535/_HTML/_elements/MDB-Free_4.13.0/js/popper.min.js
2025-08-10T10:47:13.719Z - GET /reports/aleapp/aleapp-b4b5be/ALEAPP_Reports_2025-08-10_Sunday_114535/_HTML/_elements/MDB-Free_4.13.0/js/bootstrap.js
2025-08-10T10:47:13.731Z - GET /reports/aleapp/aleapp-b4b5be/ALEAPP_Reports_2025-08-10_Sunday_114535/_HTML/_elements/timeline/js/timeline.min.js
2025-08-10T10:47:13.731Z - GET /reports/aleapp/aleapp-b4b5be/ALEAPP_Reports_2025-08-10_Sunday_114535/_HTML/_elements/chart.umd.min.js
2025-08-10T10:47:13.734Z - GET /reports/aleapp/aleapp-b4b5be/ALEAPP_Reports_2025-08-10_Sunday_114535/_HTML/_elements/MDB-Free_4.13.0/js/addons/datatables.min.js
2025-08-10T10:47:13.735Z - GET /reports/aleapp/aleapp-b4b5be/ALEAPP_Reports_2025-08-10_Sunday_114535/_HTML/_elements/MDB-Free_4.13.0/js/mdb.min.js
2025-08-10T10:47:13.737Z - GET /reports/aleapp/aleapp-b4b5be/ALEAPP_Reports_2025-08-10_Sunday_114535/_HTML/_elements/moment.min.js
2025-08-10T10:47:13.738Z - GET /reports/aleapp/aleapp-b4b5be/ALEAPP_Reports_2025-08-10_Sunday_114535/_HTML/_elements/fonts/roboto/v32/KFOmCnqEu92Fr1Mu4mxKKTU1Kg.woff2
2025-08-10T10:47:13.743Z - GET /reports/aleapp/aleapp-b4b5be/ALEAPP_Reports_2025-08-10_Sunday_114535/_HTML/_elements/fonts/roboto/v32/KFOlCnqEu92Fr1MmSU5fBBc4AMP6lQ.woff2
2025-08-10T10:47:13.745Z - GET /reports/aleapp/aleapp-b4b5be/ALEAPP_Reports_2025-08-10_Sunday_114535/_HTML/_elements/garmin-functions.js
2025-08-10T10:47:13.746Z - GET /reports/aleapp/aleapp-b4b5be/ALEAPP_Reports_2025-08-10_Sunday_114535/_HTML/_elements/chat.js
2025-08-10T10:47:13.783Z - GET /reports/aleapp/aleapp-b4b5be/ALEAPP_Reports_2025-08-10_Sunday_114535/_HTML/_elements/fonts/fa/fa-solid-900.woff2
2025-08-10T10:47:14.636Z - GET /reports/aleapp/aleapp-b4b5be/ALEAPP_Reports_2025-08-10_Sunday_114535/_HTML/Gboard_-_Sessions.html?navpos=0
2025-08-10T10:47:14.692Z - GET /reports/aleapp/aleapp-b4b5be/ALEAPP_Reports_2025-08-10_Sunday_114535/_HTML/_elements/all.css
2025-08-10T10:47:14.693Z - GET /reports/aleapp/aleapp-b4b5be/ALEAPP_Reports_2025-08-10_Sunday_114535/_HTML/_elements/dark-mode.css
2025-08-10T10:47:14.693Z - GET /reports/aleapp/aleapp-b4b5be/ALEAPP_Reports_2025-08-10_Sunday_114535/_HTML/_elements/Roboto.css
2025-08-10T10:47:14.694Z - GET /reports/aleapp/aleapp-b4b5be/ALEAPP_Reports_2025-08-10_Sunday_114535/_HTML/_elements/MDB-Free_4.13.0/css/bootstrap.min.css
2025-08-10T10:47:14.696Z - GET /reports/aleapp/aleapp-b4b5be/ALEAPP_Reports_2025-08-10_Sunday_114535/_HTML/_elements/MDB-Free_4.13.0/css/mdb.min.css
2025-08-10T10:47:14.696Z - GET /reports/aleapp/aleapp-b4b5be/ALEAPP_Reports_2025-08-10_Sunday_114535/_HTML/_elements/highlight.min.css
2025-08-10T10:47:14.709Z - GET /reports/aleapp/aleapp-b4b5be/ALEAPP_Reports_2025-08-10_Sunday_114535/_HTML/_elements/dashboard.css
2025-08-10T10:47:14.709Z - GET /reports/aleapp/aleapp-b4b5be/ALEAPP_Reports_2025-08-10_Sunday_114535/_HTML/_elements/cal-heatmap.css
2025-08-10T10:47:14.709Z - GET /reports/aleapp/aleapp-b4b5be/ALEAPP_Reports_2025-08-10_Sunday_114535/_HTML/_elements/chat.css
2025-08-10T10:47:14.711Z - GET /reports/aleapp/aleapp-b4b5be/ALEAPP_Reports_2025-08-10_Sunday_114535/_HTML/_elements/MDB-Free_4.13.0/css/addons/datatables.min.css
2025-08-10T10:47:14.712Z - GET /reports/aleapp/aleapp-b4b5be/ALEAPP_Reports_2025-08-10_Sunday_114535/_HTML/_elements/timeline/css/timeline.min.css
2025-08-10T10:47:14.713Z - GET /reports/aleapp/aleapp-b4b5be/ALEAPP_Reports_2025-08-10_Sunday_114535/_HTML/_elements/highlight.min.js
2025-08-10T10:47:14.718Z - GET /reports/aleapp/aleapp-b4b5be/ALEAPP_Reports_2025-08-10_Sunday_114535/_HTML/_elements/d3.v7.min.js
2025-08-10T10:47:14.718Z - GET /reports/aleapp/aleapp-b4b5be/ALEAPP_Reports_2025-08-10_Sunday_114535/_HTML/_elements/cal-heatmap.min.js
2025-08-10T10:47:14.719Z - GET /reports/aleapp/aleapp-b4b5be/ALEAPP_Reports_2025-08-10_Sunday_114535/_HTML/_elements/popper.min.js
2025-08-10T10:47:14.735Z - GET /reports/aleapp/aleapp-b4b5be/ALEAPP_Reports_2025-08-10_Sunday_114535/_HTML/_elements/Tooltip.min.js
2025-08-10T10:47:14.736Z - GET /reports/aleapp/aleapp-b4b5be/ALEAPP_Reports_2025-08-10_Sunday_114535/_HTML/_elements/feather.min.js
2025-08-10T10:47:14.743Z - GET /reports/aleapp/aleapp-b4b5be/ALEAPP_Reports_2025-08-10_Sunday_114535/_HTML/_elements/dark-mode-switch.js
2025-08-10T10:47:14.743Z - GET /reports/aleapp/aleapp-b4b5be/ALEAPP_Reports_2025-08-10_Sunday_114535/_HTML/_elements/ALEAPP_banner.png
2025-08-10T10:47:14.744Z - GET /reports/aleapp/aleapp-b4b5be/ALEAPP_Reports_2025-08-10_Sunday_114535/_HTML/_elements/MDB-Free_4.13.0/js/jquery.min.js
2025-08-10T10:47:14.767Z - GET /reports/aleapp/aleapp-b4b5be/ALEAPP_Reports_2025-08-10_Sunday_114535/_HTML/_elements/MDB-Free_4.13.0/js/popper.min.js
2025-08-10T10:47:14.768Z - GET /reports/aleapp/aleapp-b4b5be/ALEAPP_Reports_2025-08-10_Sunday_114535/_HTML/_elements/MDB-Free_4.13.0/js/bootstrap.js
2025-08-10T10:47:14.769Z - GET /reports/aleapp/aleapp-b4b5be/ALEAPP_Reports_2025-08-10_Sunday_114535/_HTML/_elements/MDB-Free_4.13.0/js/mdb.min.js
2025-08-10T10:47:14.770Z - GET /reports/aleapp/aleapp-b4b5be/ALEAPP_Reports_2025-08-10_Sunday_114535/_HTML/_elements/MDB-Free_4.13.0/js/addons/datatables.min.js
2025-08-10T10:47:14.777Z - GET /reports/aleapp/aleapp-b4b5be/ALEAPP_Reports_2025-08-10_Sunday_114535/_HTML/_elements/chart.umd.min.js
2025-08-10T10:47:14.780Z - GET /reports/aleapp/aleapp-b4b5be/ALEAPP_Reports_2025-08-10_Sunday_114535/_HTML/_elements/moment.min.js
2025-08-10T10:47:14.790Z - GET /reports/aleapp/aleapp-b4b5be/ALEAPP_Reports_2025-08-10_Sunday_114535/_HTML/_elements/fonts/roboto/v32/KFOlCnqEu92Fr1MmSU5fBBc4AMP6lQ.woff2
2025-08-10T10:47:14.790Z - GET /reports/aleapp/aleapp-b4b5be/ALEAPP_Reports_2025-08-10_Sunday_114535/_HTML/_elements/fonts/roboto/v32/KFOmCnqEu92Fr1Mu4mxKKTU1Kg.woff2
2025-08-10T10:47:14.790Z - GET /reports/aleapp/aleapp-b4b5be/ALEAPP_Reports_2025-08-10_Sunday_114535/_HTML/_elements/timeline/js/timeline.min.js
2025-08-10T10:47:14.793Z - GET /reports/aleapp/aleapp-b4b5be/ALEAPP_Reports_2025-08-10_Sunday_114535/_HTML/_elements/garmin-functions.js
2025-08-10T10:47:14.793Z - GET /reports/aleapp/aleapp-b4b5be/ALEAPP_Reports_2025-08-10_Sunday_114535/_HTML/_elements/chat.js
2025-08-10T10:47:14.828Z - GET /reports/aleapp/aleapp-b4b5be/ALEAPP_Reports_2025-08-10_Sunday_114535/_HTML/_elements/fonts/fa/fa-solid-900.woff2
2025-08-10T10:47:15.622Z - GET /reports/aleapp/aleapp-b4b5be/ALEAPP_Reports_2025-08-10_Sunday_114535/_HTML/Strings_-_SQLite_Journal_&_WAL.html?navpos=0
2025-08-10T10:47:15.683Z - GET /reports/aleapp/aleapp-b4b5be/ALEAPP_Reports_2025-08-10_Sunday_114535/_HTML/_elements/MDB-Free_4.13.0/css/bootstrap.min.css
2025-08-10T10:47:15.683Z - GET /reports/aleapp/aleapp-b4b5be/ALEAPP_Reports_2025-08-10_Sunday_114535/_HTML/_elements/dark-mode.css
2025-08-10T10:47:15.688Z - GET /reports/aleapp/aleapp-b4b5be/ALEAPP_Reports_2025-08-10_Sunday_114535/_HTML/_elements/all.css
2025-08-10T10:47:15.689Z - GET /reports/aleapp/aleapp-b4b5be/ALEAPP_Reports_2025-08-10_Sunday_114535/_HTML/_elements/Roboto.css
2025-08-10T10:47:15.691Z - GET /reports/aleapp/aleapp-b4b5be/ALEAPP_Reports_2025-08-10_Sunday_114535/_HTML/_elements/MDB-Free_4.13.0/css/mdb.min.css
2025-08-10T10:47:15.699Z - GET /reports/aleapp/aleapp-b4b5be/ALEAPP_Reports_2025-08-10_Sunday_114535/_HTML/_elements/highlight.min.css
2025-08-10T10:47:15.709Z - GET /reports/aleapp/aleapp-b4b5be/ALEAPP_Reports_2025-08-10_Sunday_114535/_HTML/_elements/cal-heatmap.css
2025-08-10T10:47:15.710Z - GET /reports/aleapp/aleapp-b4b5be/ALEAPP_Reports_2025-08-10_Sunday_114535/_HTML/_elements/dashboard.css
2025-08-10T10:47:15.711Z - GET /reports/aleapp/aleapp-b4b5be/ALEAPP_Reports_2025-08-10_Sunday_114535/_HTML/_elements/chat.css
2025-08-10T10:47:15.716Z - GET /reports/aleapp/aleapp-b4b5be/ALEAPP_Reports_2025-08-10_Sunday_114535/_HTML/_elements/MDB-Free_4.13.0/css/addons/datatables.min.css
2025-08-10T10:47:15.716Z - GET /reports/aleapp/aleapp-b4b5be/ALEAPP_Reports_2025-08-10_Sunday_114535/_HTML/_elements/timeline/css/timeline.min.css
2025-08-10T10:47:15.716Z - GET /reports/aleapp/aleapp-b4b5be/ALEAPP_Reports_2025-08-10_Sunday_114535/_HTML/_elements/highlight.min.js
2025-08-10T10:47:15.722Z - GET /reports/aleapp/aleapp-b4b5be/ALEAPP_Reports_2025-08-10_Sunday_114535/_HTML/_elements/popper.min.js
2025-08-10T10:47:15.720Z - GET /reports/aleapp/aleapp-b4b5be/ALEAPP_Reports_2025-08-10_Sunday_114535/_HTML/_elements/d3.v7.min.js
2025-08-10T10:47:15.723Z - GET /reports/aleapp/aleapp-b4b5be/ALEAPP_Reports_2025-08-10_Sunday_114535/_HTML/_elements/cal-heatmap.min.js
2025-08-10T10:47:15.729Z - GET /reports/aleapp/aleapp-b4b5be/ALEAPP_Reports_2025-08-10_Sunday_114535/_HTML/_elements/Tooltip.min.js
2025-08-10T10:47:15.729Z - GET /reports/aleapp/aleapp-b4b5be/ALEAPP_Reports_2025-08-10_Sunday_114535/_HTML/_elements/feather.min.js
2025-08-10T10:47:15.729Z - GET /reports/aleapp/aleapp-b4b5be/ALEAPP_Reports_2025-08-10_Sunday_114535/_HTML/_elements/dark-mode-switch.js
2025-08-10T10:47:15.738Z - GET /reports/aleapp/aleapp-b4b5be/ALEAPP_Reports_2025-08-10_Sunday_114535/_HTML/_elements/MDB-Free_4.13.0/js/jquery.min.js
2025-08-10T10:47:15.739Z - GET /reports/aleapp/aleapp-b4b5be/ALEAPP_Reports_2025-08-10_Sunday_114535/_HTML/_elements/ALEAPP_banner.png
2025-08-10T10:47:15.750Z - GET /reports/aleapp/aleapp-b4b5be/ALEAPP_Reports_2025-08-10_Sunday_114535/_HTML/_elements/MDB-Free_4.13.0/js/bootstrap.js
2025-08-10T10:47:15.751Z - GET /reports/aleapp/aleapp-b4b5be/ALEAPP_Reports_2025-08-10_Sunday_114535/_HTML/_elements/MDB-Free_4.13.0/js/mdb.min.js
2025-08-10T10:47:15.751Z - GET /reports/aleapp/aleapp-b4b5be/ALEAPP_Reports_2025-08-10_Sunday_114535/_HTML/_elements/MDB-Free_4.13.0/js/addons/datatables.min.js
2025-08-10T10:47:15.753Z - GET /reports/aleapp/aleapp-b4b5be/ALEAPP_Reports_2025-08-10_Sunday_114535/_HTML/_elements/MDB-Free_4.13.0/js/popper.min.js
2025-08-10T10:47:15.756Z - GET /reports/aleapp/aleapp-b4b5be/ALEAPP_Reports_2025-08-10_Sunday_114535/_HTML/_elements/chart.umd.min.js
2025-08-10T10:47:15.765Z - GET /reports/aleapp/aleapp-b4b5be/ALEAPP_Reports_2025-08-10_Sunday_114535/_HTML/_elements/moment.min.js
2025-08-10T10:47:15.769Z - GET /reports/aleapp/aleapp-b4b5be/ALEAPP_Reports_2025-08-10_Sunday_114535/_HTML/_elements/timeline/js/timeline.min.js
2025-08-10T10:47:15.769Z - GET /reports/aleapp/aleapp-b4b5be/ALEAPP_Reports_2025-08-10_Sunday_114535/_HTML/_elements/chat.js
2025-08-10T10:47:15.769Z - GET /reports/aleapp/aleapp-b4b5be/ALEAPP_Reports_2025-08-10_Sunday_114535/_HTML/_elements/garmin-functions.js
2025-08-10T10:47:17.115Z - GET /reports/aleapp/aleapp-b4b5be/ALEAPP_Reports_2025-08-10_Sunday_114535/_HTML/Settings_Services_-_Battery_Usage.html?navpos=0
2025-08-10T10:47:17.195Z - GET /reports/aleapp/aleapp-b4b5be/ALEAPP_Reports_2025-08-10_Sunday_114535/_HTML/_elements/dark-mode.css
2025-08-10T10:47:17.199Z - GET /reports/aleapp/aleapp-b4b5be/ALEAPP_Reports_2025-08-10_Sunday_114535/_HTML/_elements/all.css
2025-08-10T10:47:17.199Z - GET /reports/aleapp/aleapp-b4b5be/ALEAPP_Reports_2025-08-10_Sunday_114535/_HTML/_elements/MDB-Free_4.13.0/css/bootstrap.min.css
2025-08-10T10:47:17.199Z - GET /reports/aleapp/aleapp-b4b5be/ALEAPP_Reports_2025-08-10_Sunday_114535/_HTML/_elements/MDB-Free_4.13.0/css/mdb.min.css
2025-08-10T10:47:17.199Z - GET /reports/aleapp/aleapp-b4b5be/ALEAPP_Reports_2025-08-10_Sunday_114535/_HTML/_elements/highlight.min.css
2025-08-10T10:47:17.200Z - GET /reports/aleapp/aleapp-b4b5be/ALEAPP_Reports_2025-08-10_Sunday_114535/_HTML/_elements/cal-heatmap.css
2025-08-10T10:47:17.214Z - GET /reports/aleapp/aleapp-b4b5be/ALEAPP_Reports_2025-08-10_Sunday_114535/_HTML/_elements/dashboard.css
2025-08-10T10:47:17.221Z - GET /reports/aleapp/aleapp-b4b5be/ALEAPP_Reports_2025-08-10_Sunday_114535/_HTML/_elements/chat.css
2025-08-10T10:47:17.221Z - GET /reports/aleapp/aleapp-b4b5be/ALEAPP_Reports_2025-08-10_Sunday_114535/_HTML/_elements/Roboto.css
2025-08-10T10:47:17.222Z - GET /reports/aleapp/aleapp-b4b5be/ALEAPP_Reports_2025-08-10_Sunday_114535/_HTML/_elements/timeline/css/timeline.min.css
2025-08-10T10:47:17.223Z - GET /reports/aleapp/aleapp-b4b5be/ALEAPP_Reports_2025-08-10_Sunday_114535/_HTML/_elements/MDB-Free_4.13.0/css/addons/datatables.min.css
2025-08-10T10:47:17.225Z - GET /reports/aleapp/aleapp-b4b5be/ALEAPP_Reports_2025-08-10_Sunday_114535/_HTML/_elements/highlight.min.js
2025-08-10T10:47:17.233Z - GET /reports/aleapp/aleapp-b4b5be/ALEAPP_Reports_2025-08-10_Sunday_114535/_HTML/_elements/d3.v7.min.js
2025-08-10T10:47:17.234Z - GET /reports/aleapp/aleapp-b4b5be/ALEAPP_Reports_2025-08-10_Sunday_114535/_HTML/_elements/cal-heatmap.min.js
2025-08-10T10:47:17.238Z - GET /reports/aleapp/aleapp-b4b5be/ALEAPP_Reports_2025-08-10_Sunday_114535/_HTML/_elements/popper.min.js
2025-08-10T10:47:17.238Z - GET /reports/aleapp/aleapp-b4b5be/ALEAPP_Reports_2025-08-10_Sunday_114535/_HTML/_elements/Tooltip.min.js
2025-08-10T10:47:17.240Z - GET /reports/aleapp/aleapp-b4b5be/ALEAPP_Reports_2025-08-10_Sunday_114535/_HTML/_elements/feather.min.js
2025-08-10T10:47:17.244Z - GET /reports/aleapp/aleapp-b4b5be/ALEAPP_Reports_2025-08-10_Sunday_114535/_HTML/_elements/dark-mode-switch.js
2025-08-10T10:47:17.257Z - GET /reports/aleapp/aleapp-b4b5be/ALEAPP_Reports_2025-08-10_Sunday_114535/_HTML/_elements/ALEAPP_banner.png
2025-08-10T10:47:17.267Z - GET /reports/aleapp/aleapp-b4b5be/ALEAPP_Reports_2025-08-10_Sunday_114535/_HTML/_elements/MDB-Free_4.13.0/js/jquery.min.js
2025-08-10T10:47:17.278Z - GET /reports/aleapp/aleapp-b4b5be/ALEAPP_Reports_2025-08-10_Sunday_114535/_HTML/_elements/MDB-Free_4.13.0/js/bootstrap.js
2025-08-10T10:47:17.278Z - GET /reports/aleapp/aleapp-b4b5be/ALEAPP_Reports_2025-08-10_Sunday_114535/_HTML/_elements/MDB-Free_4.13.0/js/popper.min.js
2025-08-10T10:47:17.286Z - GET /reports/aleapp/aleapp-b4b5be/ALEAPP_Reports_2025-08-10_Sunday_114535/_HTML/_elements/MDB-Free_4.13.0/js/addons/datatables.min.js
2025-08-10T10:47:17.289Z - GET /reports/aleapp/aleapp-b4b5be/ALEAPP_Reports_2025-08-10_Sunday_114535/_HTML/_elements/chart.umd.min.js
2025-08-10T10:47:17.289Z - GET /reports/aleapp/aleapp-b4b5be/ALEAPP_Reports_2025-08-10_Sunday_114535/_HTML/_elements/MDB-Free_4.13.0/js/mdb.min.js
2025-08-10T10:47:17.294Z - GET /reports/aleapp/aleapp-b4b5be/ALEAPP_Reports_2025-08-10_Sunday_114535/_HTML/_elements/garmin-functions.js
2025-08-10T10:47:17.294Z - GET /reports/aleapp/aleapp-b4b5be/ALEAPP_Reports_2025-08-10_Sunday_114535/_HTML/_elements/moment.min.js
2025-08-10T10:47:17.294Z - GET /reports/aleapp/aleapp-b4b5be/ALEAPP_Reports_2025-08-10_Sunday_114535/_HTML/_elements/timeline/js/timeline.min.js
2025-08-10T10:47:17.301Z - GET /reports/aleapp/aleapp-b4b5be/ALEAPP_Reports_2025-08-10_Sunday_114535/_HTML/_elements/chat.js
2025-08-10T10:47:18.648Z - GET /reports/aleapp/aleapp-b4b5be/ALEAPP_Reports_2025-08-10_Sunday_114535/_HTML/Setup_Wizard_Info.xml.html?navpos=0
2025-08-10T10:47:18.787Z - GET /reports/aleapp/aleapp-b4b5be/ALEAPP_Reports_2025-08-10_Sunday_114535/_HTML/_elements/all.css
2025-08-10T10:47:18.788Z - GET /reports/aleapp/aleapp-b4b5be/ALEAPP_Reports_2025-08-10_Sunday_114535/_HTML/_elements/Roboto.css
2025-08-10T10:47:18.790Z - GET /reports/aleapp/aleapp-b4b5be/ALEAPP_Reports_2025-08-10_Sunday_114535/_HTML/_elements/cal-heatmap.css
2025-08-10T10:47:18.789Z - GET /reports/aleapp/aleapp-b4b5be/ALEAPP_Reports_2025-08-10_Sunday_114535/_HTML/_elements/MDB-Free_4.13.0/css/bootstrap.min.css
2025-08-10T10:47:18.793Z - GET /reports/aleapp/aleapp-b4b5be/ALEAPP_Reports_2025-08-10_Sunday_114535/_HTML/_elements/MDB-Free_4.13.0/css/mdb.min.css
2025-08-10T10:47:18.798Z - GET /reports/aleapp/aleapp-b4b5be/ALEAPP_Reports_2025-08-10_Sunday_114535/_HTML/_elements/dashboard.css
2025-08-10T10:47:18.819Z - GET /reports/aleapp/aleapp-b4b5be/ALEAPP_Reports_2025-08-10_Sunday_114535/_HTML/_elements/chat.css
2025-08-10T10:47:18.819Z - GET /reports/aleapp/aleapp-b4b5be/ALEAPP_Reports_2025-08-10_Sunday_114535/_HTML/_elements/dark-mode.css
2025-08-10T10:47:18.823Z - GET /reports/aleapp/aleapp-b4b5be/ALEAPP_Reports_2025-08-10_Sunday_114535/_HTML/_elements/highlight.min.css
2025-08-10T10:47:18.826Z - GET /reports/aleapp/aleapp-b4b5be/ALEAPP_Reports_2025-08-10_Sunday_114535/_HTML/_elements/timeline/css/timeline.min.css
2025-08-10T10:47:18.831Z - GET /reports/aleapp/aleapp-b4b5be/ALEAPP_Reports_2025-08-10_Sunday_114535/_HTML/_elements/MDB-Free_4.13.0/css/addons/datatables.min.css
2025-08-10T10:47:18.858Z - GET /reports/aleapp/aleapp-b4b5be/ALEAPP_Reports_2025-08-10_Sunday_114535/_HTML/_elements/highlight.min.js
2025-08-10T10:47:18.858Z - GET /reports/aleapp/aleapp-b4b5be/ALEAPP_Reports_2025-08-10_Sunday_114535/_HTML/_elements/d3.v7.min.js
2025-08-10T10:47:18.858Z - GET /reports/aleapp/aleapp-b4b5be/ALEAPP_Reports_2025-08-10_Sunday_114535/_HTML/_elements/cal-heatmap.min.js
2025-08-10T10:47:18.859Z - GET /reports/aleapp/aleapp-b4b5be/ALEAPP_Reports_2025-08-10_Sunday_114535/_HTML/_elements/popper.min.js
2025-08-10T10:47:18.859Z - GET /reports/aleapp/aleapp-b4b5be/ALEAPP_Reports_2025-08-10_Sunday_114535/_HTML/_elements/Tooltip.min.js
2025-08-10T10:47:18.860Z - GET /reports/aleapp/aleapp-b4b5be/ALEAPP_Reports_2025-08-10_Sunday_114535/_HTML/_elements/feather.min.js
2025-08-10T10:47:18.868Z - GET /reports/aleapp/aleapp-b4b5be/ALEAPP_Reports_2025-08-10_Sunday_114535/_HTML/_elements/dark-mode-switch.js
2025-08-10T10:47:18.875Z - GET /reports/aleapp/aleapp-b4b5be/ALEAPP_Reports_2025-08-10_Sunday_114535/_HTML/_elements/MDB-Free_4.13.0/js/jquery.min.js
2025-08-10T10:47:18.871Z - GET /reports/aleapp/aleapp-b4b5be/ALEAPP_Reports_2025-08-10_Sunday_114535/_HTML/_elements/ALEAPP_banner.png
2025-08-10T10:47:18.900Z - GET /reports/aleapp/aleapp-b4b5be/ALEAPP_Reports_2025-08-10_Sunday_114535/_HTML/_elements/MDB-Free_4.13.0/js/popper.min.js
2025-08-10T10:47:18.900Z - GET /reports/aleapp/aleapp-b4b5be/ALEAPP_Reports_2025-08-10_Sunday_114535/_HTML/_elements/MDB-Free_4.13.0/js/bootstrap.js
2025-08-10T10:47:18.900Z - GET /reports/aleapp/aleapp-b4b5be/ALEAPP_Reports_2025-08-10_Sunday_114535/_HTML/_elements/MDB-Free_4.13.0/js/mdb.min.js
2025-08-10T10:47:18.906Z - GET /reports/aleapp/aleapp-b4b5be/ALEAPP_Reports_2025-08-10_Sunday_114535/_HTML/_elements/MDB-Free_4.13.0/js/addons/datatables.min.js
2025-08-10T10:47:18.909Z - GET /reports/aleapp/aleapp-b4b5be/ALEAPP_Reports_2025-08-10_Sunday_114535/_HTML/_elements/moment.min.js
2025-08-10T10:47:18.912Z - GET /reports/aleapp/aleapp-b4b5be/ALEAPP_Reports_2025-08-10_Sunday_114535/_HTML/_elements/chart.umd.min.js
2025-08-10T10:47:18.915Z - GET /reports/aleapp/aleapp-b4b5be/ALEAPP_Reports_2025-08-10_Sunday_114535/_HTML/_elements/timeline/js/timeline.min.js
2025-08-10T10:47:18.919Z - GET /reports/aleapp/aleapp-b4b5be/ALEAPP_Reports_2025-08-10_Sunday_114535/_HTML/_elements/garmin-functions.js
2025-08-10T10:47:18.922Z - GET /reports/aleapp/aleapp-b4b5be/ALEAPP_Reports_2025-08-10_Sunday_114535/_HTML/_elements/chat.js
2025-08-10T10:47:19.568Z - GET /reports/aleapp/aleapp-b4b5be/ALEAPP_Reports_2025-08-10_Sunday_114535/_HTML/Suggestions.xml.html?navpos=0
2025-08-10T10:47:19.625Z - GET /reports/aleapp/aleapp-b4b5be/ALEAPP_Reports_2025-08-10_Sunday_114535/_HTML/_elements/dark-mode.css
2025-08-10T10:47:19.638Z - GET /reports/aleapp/aleapp-b4b5be/ALEAPP_Reports_2025-08-10_Sunday_114535/_HTML/_elements/all.css
2025-08-10T10:47:19.642Z - GET /reports/aleapp/aleapp-b4b5be/ALEAPP_Reports_2025-08-10_Sunday_114535/_HTML/_elements/Roboto.css
2025-08-10T10:47:19.643Z - GET /reports/aleapp/aleapp-b4b5be/ALEAPP_Reports_2025-08-10_Sunday_114535/_HTML/_elements/MDB-Free_4.13.0/css/bootstrap.min.css
2025-08-10T10:47:19.647Z - GET /reports/aleapp/aleapp-b4b5be/ALEAPP_Reports_2025-08-10_Sunday_114535/_HTML/_elements/MDB-Free_4.13.0/css/mdb.min.css
2025-08-10T10:47:19.653Z - GET /reports/aleapp/aleapp-b4b5be/ALEAPP_Reports_2025-08-10_Sunday_114535/_HTML/_elements/highlight.min.css
2025-08-10T10:47:19.659Z - GET /reports/aleapp/aleapp-b4b5be/ALEAPP_Reports_2025-08-10_Sunday_114535/_HTML/_elements/cal-heatmap.css
2025-08-10T10:47:19.661Z - GET /reports/aleapp/aleapp-b4b5be/ALEAPP_Reports_2025-08-10_Sunday_114535/_HTML/_elements/chat.css
2025-08-10T10:47:19.661Z - GET /reports/aleapp/aleapp-b4b5be/ALEAPP_Reports_2025-08-10_Sunday_114535/_HTML/_elements/dashboard.css
2025-08-10T10:47:19.662Z - GET /reports/aleapp/aleapp-b4b5be/ALEAPP_Reports_2025-08-10_Sunday_114535/_HTML/_elements/MDB-Free_4.13.0/css/addons/datatables.min.css
2025-08-10T10:47:19.663Z - GET /reports/aleapp/aleapp-b4b5be/ALEAPP_Reports_2025-08-10_Sunday_114535/_HTML/_elements/timeline/css/timeline.min.css
2025-08-10T10:47:19.664Z - GET /reports/aleapp/aleapp-b4b5be/ALEAPP_Reports_2025-08-10_Sunday_114535/_HTML/_elements/highlight.min.js
2025-08-10T10:47:19.665Z - GET /reports/aleapp/aleapp-b4b5be/ALEAPP_Reports_2025-08-10_Sunday_114535/_HTML/_elements/d3.v7.min.js
2025-08-10T10:47:19.672Z - GET /reports/aleapp/aleapp-b4b5be/ALEAPP_Reports_2025-08-10_Sunday_114535/_HTML/_elements/cal-heatmap.min.js
2025-08-10T10:47:19.673Z - GET /reports/aleapp/aleapp-b4b5be/ALEAPP_Reports_2025-08-10_Sunday_114535/_HTML/_elements/Tooltip.min.js
2025-08-10T10:47:19.673Z - GET /reports/aleapp/aleapp-b4b5be/ALEAPP_Reports_2025-08-10_Sunday_114535/_HTML/_elements/popper.min.js
2025-08-10T10:47:19.675Z - GET /reports/aleapp/aleapp-b4b5be/ALEAPP_Reports_2025-08-10_Sunday_114535/_HTML/_elements/feather.min.js
2025-08-10T10:47:19.676Z - GET /reports/aleapp/aleapp-b4b5be/ALEAPP_Reports_2025-08-10_Sunday_114535/_HTML/_elements/dark-mode-switch.js
2025-08-10T10:47:19.676Z - GET /reports/aleapp/aleapp-b4b5be/ALEAPP_Reports_2025-08-10_Sunday_114535/_HTML/_elements/ALEAPP_banner.png
2025-08-10T10:47:19.682Z - GET /reports/aleapp/aleapp-b4b5be/ALEAPP_Reports_2025-08-10_Sunday_114535/_HTML/_elements/MDB-Free_4.13.0/js/jquery.min.js
2025-08-10T10:47:19.688Z - GET /reports/aleapp/aleapp-b4b5be/ALEAPP_Reports_2025-08-10_Sunday_114535/_HTML/_elements/MDB-Free_4.13.0/js/bootstrap.js
2025-08-10T10:47:19.688Z - GET /reports/aleapp/aleapp-b4b5be/ALEAPP_Reports_2025-08-10_Sunday_114535/_HTML/_elements/MDB-Free_4.13.0/js/mdb.min.js
2025-08-10T10:47:19.689Z - GET /reports/aleapp/aleapp-b4b5be/ALEAPP_Reports_2025-08-10_Sunday_114535/_HTML/_elements/MDB-Free_4.13.0/js/addons/datatables.min.js
2025-08-10T10:47:19.688Z - GET /reports/aleapp/aleapp-b4b5be/ALEAPP_Reports_2025-08-10_Sunday_114535/_HTML/_elements/MDB-Free_4.13.0/js/popper.min.js
2025-08-10T10:47:19.690Z - GET /reports/aleapp/aleapp-b4b5be/ALEAPP_Reports_2025-08-10_Sunday_114535/_HTML/_elements/chart.umd.min.js
2025-08-10T10:47:19.691Z - GET /reports/aleapp/aleapp-b4b5be/ALEAPP_Reports_2025-08-10_Sunday_114535/_HTML/_elements/moment.min.js
2025-08-10T10:47:19.699Z - GET /reports/aleapp/aleapp-b4b5be/ALEAPP_Reports_2025-08-10_Sunday_114535/_HTML/_elements/timeline/js/timeline.min.js
2025-08-10T10:47:19.700Z - GET /reports/aleapp/aleapp-b4b5be/ALEAPP_Reports_2025-08-10_Sunday_114535/_HTML/_elements/garmin-functions.js
2025-08-10T10:47:19.700Z - GET /reports/aleapp/aleapp-b4b5be/ALEAPP_Reports_2025-08-10_Sunday_114535/_HTML/_elements/chat.js
2025-08-10T10:48:44.624Z - POST /scan
2025-08-11T10:50:01.979Z - POST /register
2025-08-11T10:50:06.536Z - POST /register
2025-08-11T10:50:14.346Z - POST /register
2025-08-11T10:52:31.761Z - POST /scan
2025-08-11T11:19:28.104Z - POST /register
2025-08-11T11:19:44.976Z - POST /scan
2025-08-11T11:22:11.267Z - POST /scan
2025-08-11T11:30:05.707Z - POST /register
2025-08-11T11:30:26.593Z - POST /scan
2025-08-11T11:36:41.802Z - POST /scan
2025-08-11T11:37:03.532Z - POST /scan
2025-08-11T11:38:38.808Z - POST /scan
2025-08-11T11:59:45.161Z - POST /scan
2025-08-11T12:00:23.810Z - POST /scan
